# JRE version: OpenJDK Runtime Environment Microsoft-11933218 (21.0.8+9) (build 21.0.8+9-LTS)
# Java VM: OpenJDK 64-Bit Server VM Microsoft-11933218 (21.0.8+9-LTS, mixed mode, sharing, tiered, compressed oops, compressed class ptrs, g1 gc, windows-amd64)
GC Precious Log:
 CardTable entry size: 512
 Card Set container configuration: InlinePtr #cards 5 size 8 Array Of Cards #cards 12 size 40 Howl #buckets 4 coarsen threshold 1843 Howl Bitmap #cards 512 size 80 coarsen threshold 460 Card regions per heap region 1 cards per card region 2048
 CPUs: 8 total, 8 available
 Memory: 12051M
 Large Page Support: Disabled
 NUMA Support: Disabled
 Compressed Oops: Enabled (32-bit)
 Heap Region Size: 1M
 Heap Min Capacity: 256M
 Heap Initial Capacity: 256M
 Heap Max Capacity: 512M
 Pre-touch: Disabled
 Parallel Workers: 8
 Concurrent Workers: 2
 Concurrent Refinement Workers: 8
 Periodic GC: Disabled
Heap:
 garbage-first heap   total 262144K, used 130926K [0x00000000e0000000, 0x0000000100000000)
  region size 1024K, 68 young (69632K), 3 survivors (3072K)
 Metaspace       used 43478K, committed 45056K, reserved 393216K
  class space    used 6282K, committed 7040K, reserved 327680K
GC Heap History (14 events):
Event: 1.869 GC heap before
{Heap before GC invocations=0 (full 0):
 garbage-first heap   total 262144K, used 22528K [0x00000000e0000000, 0x0000000100000000)
  region size 1024K, 23 young (23552K), 0 survivors (0K)
 Metaspace       used 1043K, committed 1152K, reserved 393216K
  class space    used 79K, committed 128K, reserved 327680K
}
Event: 1.960 GC heap after
{Heap after GC invocations=1 (full 0):
 garbage-first heap   total 262144K, used 1834K [0x00000000e0000000, 0x0000000100000000)
  region size 1024K, 2 young (2048K), 2 survivors (2048K)
 Metaspace       used 1043K, committed 1152K, reserved 393216K
  class space    used 79K, committed 128K, reserved 327680K
}
Event: 5.068 GC heap before
{Heap before GC invocations=1 (full 0):
 garbage-first heap   total 262144K, used 40746K [0x00000000e0000000, 0x0000000100000000)
  region size 1024K, 38 young (38912K), 2 survivors (2048K)
 Metaspace       used 4422K, committed 4608K, reserved 393216K
  class space    used 557K, committed 640K, reserved 327680K
}
Event: 5.079 GC heap after
{Heap after GC invocations=2 (full 0):
 garbage-first heap   total 262144K, used 10717K [0x00000000e0000000, 0x0000000100000000)
  region size 1024K, 5 young (5120K), 5 survivors (5120K)
 Metaspace       used 4422K, committed 4608K, reserved 393216K
  class space    used 557K, committed 640K, reserved 327680K
}
Event: 8.858 GC heap before
{Heap before GC invocations=2 (full 0):
 garbage-first heap   total 262144K, used 69085K [0x00000000e0000000, 0x0000000100000000)
  region size 1024K, 60 young (61440K), 5 survivors (5120K)
 Metaspace       used 7085K, committed 7296K, reserved 393216K
  class space    used 944K, committed 1024K, reserved 327680K
}
Event: 8.868 GC heap after
{Heap after GC invocations=3 (full 0):
 garbage-first heap   total 262144K, used 18113K [0x00000000e0000000, 0x0000000100000000)
  region size 1024K, 6 young (6144K), 6 survivors (6144K)
 Metaspace       used 7085K, committed 7296K, reserved 393216K
  class space    used 944K, committed 1024K, reserved 327680K
}
Event: 17.361 GC heap before
{Heap before GC invocations=3 (full 0):
 garbage-first heap   total 262144K, used 101057K [0x00000000e0000000, 0x0000000100000000)
  region size 1024K, 88 young (90112K), 6 survivors (6144K)
 Metaspace       used 20878K, committed 21504K, reserved 393216K
  class space    used 3047K, committed 3328K, reserved 327680K
}
Event: 17.386 GC heap after
{Heap after GC invocations=4 (full 0):
 garbage-first heap   total 262144K, used 24022K [0x00000000e0000000, 0x0000000100000000)
  region size 1024K, 12 young (12288K), 12 survivors (12288K)
 Metaspace       used 20878K, committed 21504K, reserved 393216K
  class space    used 3047K, committed 3328K, reserved 327680K
}
Event: 24.675 GC heap before
{Heap before GC invocations=5 (full 0):
 garbage-first heap   total 262144K, used 148950K [0x00000000e0000000, 0x0000000100000000)
  region size 1024K, 112 young (114688K), 12 survivors (12288K)
 Metaspace       used 35333K, committed 36416K, reserved 393216K
  class space    used 5078K, committed 5568K, reserved 327680K
}
Event: 24.696 GC heap after
{Heap after GC invocations=6 (full 0):
 garbage-first heap   total 262144K, used 60346K [0x00000000e0000000, 0x0000000100000000)
  region size 1024K, 18 young (18432K), 18 survivors (18432K)
 Metaspace       used 35333K, committed 36416K, reserved 393216K
  class space    used 5078K, committed 5568K, reserved 327680K
}
Event: 25.209 GC heap before
{Heap before GC invocations=6 (full 0):
 garbage-first heap   total 262144K, used 83898K [0x00000000e0000000, 0x0000000100000000)
  region size 1024K, 42 young (43008K), 18 survivors (18432K)
 Metaspace       used 35725K, committed 36736K, reserved 393216K
  class space    used 5122K, committed 5632K, reserved 327680K
}
Event: 25.221 GC heap after
{Heap after GC invocations=7 (full 0):
 garbage-first heap   total 262144K, used 60235K [0x00000000e0000000, 0x0000000100000000)
  region size 1024K, 12 young (12288K), 12 survivors (12288K)
 Metaspace       used 35725K, committed 36736K, reserved 393216K
  class space    used 5122K, committed 5632K, reserved 327680K
}
Event: 25.350 GC heap before
{Heap before GC invocations=7 (full 0):
 garbage-first heap   total 262144K, used 62283K [0x00000000e0000000, 0x0000000100000000)
  region size 1024K, 15 young (15360K), 12 survivors (12288K)
 Metaspace       used 35947K, committed 37056K, reserved 393216K
  class space    used 5165K, committed 5760K, reserved 327680K
}
Event: 25.361 GC heap after
{Heap after GC invocations=8 (full 0):
 garbage-first heap   total 262144K, used 61294K [0x00000000e0000000, 0x0000000100000000)
  region size 1024K, 3 young (3072K), 3 survivors (3072K)
 Metaspace       used 35947K, committed 37056K, reserved 393216K
  class space    used 5165K, committed 5760K, reserved 327680K
}

