# JRE version: OpenJDK Runtime Environment Microsoft-11933218 (21.0.8+9) (build 21.0.8+9-LTS)
# Java VM: OpenJDK 64-Bit Server VM Microsoft-11933218 (21.0.8+9-LTS, mixed mode, sharing, tiered, compressed oops, compressed class ptrs, g1 gc, windows-amd64)
GC Precious Log:
 CardTable entry size: 512
 Card Set container configuration: InlinePtr #cards 5 size 8 Array Of Cards #cards 12 size 40 Howl #buckets 4 coarsen threshold 1843 Howl Bitmap #cards 512 size 80 coarsen threshold 460 Card regions per heap region 1 cards per card region 2048
 CPUs: 8 total, 8 available
 Memory: 12051M
 Large Page Support: Disabled
 NUMA Support: Disabled
 Compressed Oops: Enabled (32-bit)
 Heap Region Size: 1M
 Heap Min Capacity: 256M
 Heap Initial Capacity: 256M
 Heap Max Capacity: 512M
 Pre-touch: Disabled
 Parallel Workers: 8
 Concurrent Workers: 2
 Concurrent Refinement Workers: 8
 Periodic GC: Disabled
Heap:
 garbage-first heap   total 262144K, used 186352K [0x00000000e0000000, 0x0000000100000000)
  region size 1024K, 112 young (114688K), 19 survivors (19456K)
 Metaspace       used 48109K, committed 49664K, reserved 393216K
  class space    used 6931K, committed 7680K, reserved 327680K
GC Heap History (16 events):
Event: 1.785 GC heap before
{Heap before GC invocations=0 (full 0):
 garbage-first heap   total 262144K, used 22528K [0x00000000e0000000, 0x0000000100000000)
  region size 1024K, 23 young (23552K), 0 survivors (0K)
 Metaspace       used 1072K, committed 1216K, reserved 393216K
  class space    used 79K, committed 128K, reserved 327680K
}
Event: 1.813 GC heap after
{Heap after GC invocations=1 (full 0):
 garbage-first heap   total 262144K, used 2431K [0x00000000e0000000, 0x0000000100000000)
  region size 1024K, 3 young (3072K), 3 survivors (3072K)
 Metaspace       used 1072K, committed 1216K, reserved 393216K
  class space    used 79K, committed 128K, reserved 327680K
}
Event: 4.122 GC heap before
{Heap before GC invocations=1 (full 0):
 garbage-first heap   total 262144K, used 40319K [0x00000000e0000000, 0x0000000100000000)
  region size 1024K, 38 young (38912K), 3 survivors (3072K)
 Metaspace       used 4453K, committed 4608K, reserved 393216K
  class space    used 557K, committed 640K, reserved 327680K
}
Event: 4.129 GC heap after
{Heap after GC invocations=2 (full 0):
 garbage-first heap   total 262144K, used 10655K [0x00000000e0000000, 0x0000000100000000)
  region size 1024K, 5 young (5120K), 5 survivors (5120K)
 Metaspace       used 4453K, committed 4608K, reserved 393216K
  class space    used 557K, committed 640K, reserved 327680K
}
Event: 6.349 GC heap before
{Heap before GC invocations=2 (full 0):
 garbage-first heap   total 262144K, used 60831K [0x00000000e0000000, 0x0000000100000000)
  region size 1024K, 52 young (53248K), 5 survivors (5120K)
 Metaspace       used 5882K, committed 6080K, reserved 393216K
  class space    used 776K, committed 896K, reserved 327680K
}
Event: 6.362 GC heap after
{Heap after GC invocations=3 (full 0):
 garbage-first heap   total 262144K, used 17962K [0x00000000e0000000, 0x0000000100000000)
  region size 1024K, 6 young (6144K), 6 survivors (6144K)
 Metaspace       used 5882K, committed 6080K, reserved 393216K
  class space    used 776K, committed 896K, reserved 327680K
}
Event: 15.903 GC heap before
{Heap before GC invocations=3 (full 0):
 garbage-first heap   total 262144K, used 102954K [0x00000000e0000000, 0x0000000100000000)
  region size 1024K, 90 young (92160K), 6 survivors (6144K)
 Metaspace       used 20893K, committed 21504K, reserved 393216K
  class space    used 3042K, committed 3328K, reserved 327680K
}
Event: 15.924 GC heap after
{Heap after GC invocations=4 (full 0):
 garbage-first heap   total 262144K, used 23961K [0x00000000e0000000, 0x0000000100000000)
  region size 1024K, 12 young (12288K), 12 survivors (12288K)
 Metaspace       used 20893K, committed 21504K, reserved 393216K
  class space    used 3042K, committed 3328K, reserved 327680K
}
Event: 22.233 GC heap before
{Heap before GC invocations=5 (full 0):
 garbage-first heap   total 262144K, used 164249K [0x00000000e0000000, 0x0000000100000000)
  region size 1024K, 127 young (130048K), 12 survivors (12288K)
 Metaspace       used 35088K, committed 36096K, reserved 393216K
  class space    used 5035K, committed 5504K, reserved 327680K
}
Event: 22.274 GC heap after
{Heap after GC invocations=6 (full 0):
 garbage-first heap   total 262144K, used 60598K [0x00000000e0000000, 0x0000000100000000)
  region size 1024K, 18 young (18432K), 18 survivors (18432K)
 Metaspace       used 35088K, committed 36096K, reserved 393216K
  class space    used 5035K, committed 5504K, reserved 327680K
}
Event: 22.739 GC heap before
{Heap before GC invocations=6 (full 0):
 garbage-first heap   total 262144K, used 65718K [0x00000000e0000000, 0x0000000100000000)
  region size 1024K, 24 young (24576K), 18 survivors (18432K)
 Metaspace       used 35383K, committed 36416K, reserved 393216K
  class space    used 5070K, committed 5632K, reserved 327680K
}
Event: 22.755 GC heap after
{Heap after GC invocations=7 (full 0):
 garbage-first heap   total 262144K, used 61961K [0x00000000e0000000, 0x0000000100000000)
  region size 1024K, 2 young (2048K), 2 survivors (2048K)
 Metaspace       used 35383K, committed 36416K, reserved 393216K
  class space    used 5070K, committed 5632K, reserved 327680K
}
Event: 23.049 GC heap before
{Heap before GC invocations=7 (full 0):
 garbage-first heap   total 262144K, used 65033K [0x00000000e0000000, 0x0000000100000000)
  region size 1024K, 6 young (6144K), 2 survivors (2048K)
 Metaspace       used 35666K, committed 36736K, reserved 393216K
  class space    used 5125K, committed 5696K, reserved 327680K
}
Event: 23.052 GC heap after
{Heap after GC invocations=8 (full 0):
 garbage-first heap   total 262144K, used 60920K [0x00000000e0000000, 0x0000000100000000)
  region size 1024K, 1 young (1024K), 1 survivors (1024K)
 Metaspace       used 35666K, committed 36736K, reserved 393216K
  class space    used 5125K, committed 5696K, reserved 327680K
}
Event: 30.984 GC heap before
{Heap before GC invocations=9 (full 0):
 garbage-first heap   total 262144K, used 221688K [0x00000000e0000000, 0x0000000100000000)
  region size 1024K, 151 young (154624K), 1 survivors (1024K)
 Metaspace       used 46437K, committed 48064K, reserved 393216K
  class space    used 6749K, committed 7552K, reserved 327680K
}
Event: 31.023 GC heap after
{Heap after GC invocations=10 (full 0):
 garbage-first heap   total 262144K, used 92144K [0x00000000e0000000, 0x0000000100000000)
  region size 1024K, 19 young (19456K), 19 survivors (19456K)
 Metaspace       used 46437K, committed 48064K, reserved 393216K
  class space    used 6749K, committed 7552K, reserved 327680K
}

