# JRE version: Java(TM) SE Runtime Environment (21.0.6+8) (build 21.0.6+8-LTS-188)
# Java VM: Java HotSpot(TM) 64-Bit Server VM (21.0.6+8-LTS-188, mixed mode, sharing, tiered, compressed oops, compressed class ptrs, g1 gc, windows-amd64)
GC Precious Log:
 CardTable entry size: 512
 Card Set container configuration: InlinePtr #cards 5 size 8 Array Of Cards #cards 12 size 40 Howl #buckets 4 coarsen threshold 1843 Howl Bitmap #cards 512 size 80 coarsen threshold 460 Card regions per heap region 1 cards per card region 2048
 CPUs: 8 total, 8 available
 Memory: 12051M
 Large Page Support: Disabled
 NUMA Support: Disabled
 Compressed Oops: Enabled (32-bit)
 Heap Region Size: 1M
 Heap Min Capacity: 256M
 Heap Initial Capacity: 256M
 Heap Max Capacity: 512M
 Pre-touch: Disabled
 Parallel Workers: 8
 Concurrent Workers: 2
 Concurrent Refinement Workers: 8
 Periodic GC: Disabled
Heap:
 garbage-first heap   total 262144K, used 198334K [0x00000000e0000000, 0x0000000100000000)
  region size 1024K, 132 young (135168K), 8 survivors (8192K)
 Metaspace       used 65345K, committed 67392K, reserved 393216K
  class space    used 9419K, committed 10432K, reserved 327680K
GC Heap History (16 events):
Event: 1.007 GC heap before
{Heap before GC invocations=0 (full 0):
 garbage-first heap   total 262144K, used 22528K [0x00000000e0000000, 0x0000000100000000)
  region size 1024K, 23 young (23552K), 0 survivors (0K)
 Metaspace       used 1059K, committed 1216K, reserved 393216K
  class space    used 76K, committed 128K, reserved 327680K
}
Event: 1.012 GC heap after
{Heap after GC invocations=1 (full 0):
 garbage-first heap   total 262144K, used 2517K [0x00000000e0000000, 0x0000000100000000)
  region size 1024K, 3 young (3072K), 3 survivors (3072K)
 Metaspace       used 1059K, committed 1216K, reserved 393216K
  class space    used 76K, committed 128K, reserved 327680K
}
Event: 3.051 GC heap before
{Heap before GC invocations=1 (full 0):
 garbage-first heap   total 262144K, used 40405K [0x00000000e0000000, 0x0000000100000000)
  region size 1024K, 38 young (38912K), 3 survivors (3072K)
 Metaspace       used 4426K, committed 4672K, reserved 393216K
  class space    used 542K, committed 640K, reserved 327680K
}
Event: 3.057 GC heap after
{Heap after GC invocations=2 (full 0):
 garbage-first heap   total 262144K, used 11015K [0x00000000e0000000, 0x0000000100000000)
  region size 1024K, 5 young (5120K), 5 survivors (5120K)
 Metaspace       used 4426K, committed 4672K, reserved 393216K
  class space    used 542K, committed 640K, reserved 327680K
}
Event: 4.611 GC heap before
{Heap before GC invocations=2 (full 0):
 garbage-first heap   total 262144K, used 61191K [0x00000000e0000000, 0x0000000100000000)
  region size 1024K, 52 young (53248K), 5 survivors (5120K)
 Metaspace       used 5806K, committed 6016K, reserved 393216K
  class space    used 749K, committed 832K, reserved 327680K
}
Event: 4.619 GC heap after
{Heap after GC invocations=3 (full 0):
 garbage-first heap   total 262144K, used 17246K [0x00000000e0000000, 0x0000000100000000)
  region size 1024K, 7 young (7168K), 7 survivors (7168K)
 Metaspace       used 5806K, committed 6016K, reserved 393216K
  class space    used 749K, committed 832K, reserved 327680K
}
Event: 10.498 GC heap before
{Heap before GC invocations=3 (full 0):
 garbage-first heap   total 262144K, used 105310K [0x00000000e0000000, 0x0000000100000000)
  region size 1024K, 94 young (96256K), 7 survivors (7168K)
 Metaspace       used 20867K, committed 21504K, reserved 393216K
  class space    used 2990K, committed 3328K, reserved 327680K
}
Event: 10.515 GC heap after
{Heap after GC invocations=4 (full 0):
 garbage-first heap   total 262144K, used 23673K [0x00000000e0000000, 0x0000000100000000)
  region size 1024K, 14 young (14336K), 14 survivors (14336K)
 Metaspace       used 20867K, committed 21504K, reserved 393216K
  class space    used 2990K, committed 3328K, reserved 327680K
}
Event: 15.265 GC heap before
{Heap before GC invocations=5 (full 0):
 garbage-first heap   total 262144K, used 146553K [0x00000000e0000000, 0x0000000100000000)
  region size 1024K, 136 young (139264K), 14 survivors (14336K)
 Metaspace       used 34977K, committed 35968K, reserved 393216K
  class space    used 4946K, committed 5440K, reserved 327680K
}
Event: 15.286 GC heap after
{Heap after GC invocations=6 (full 0):
 garbage-first heap   total 262144K, used 33366K [0x00000000e0000000, 0x0000000100000000)
  region size 1024K, 20 young (20480K), 20 survivors (20480K)
 Metaspace       used 34977K, committed 35968K, reserved 393216K
  class space    used 4946K, committed 5440K, reserved 327680K
}
Event: 21.326 GC heap before
{Heap before GC invocations=7 (full 0):
 garbage-first heap   total 262144K, used 175702K [0x00000000e0000000, 0x0000000100000000)
  region size 1024K, 153 young (156672K), 20 survivors (20480K)
 Metaspace       used 51245K, committed 52864K, reserved 393216K
  class space    used 7198K, committed 8000K, reserved 327680K
}
Event: 21.357 GC heap after
{Heap after GC invocations=8 (full 0):
 garbage-first heap   total 262144K, used 41233K [0x00000000e0000000, 0x0000000100000000)
  region size 1024K, 18 young (18432K), 18 survivors (18432K)
 Metaspace       used 51245K, committed 52864K, reserved 393216K
  class space    used 7198K, committed 8000K, reserved 327680K
}
Event: 24.227 GC heap before
{Heap before GC invocations=8 (full 0):
 garbage-first heap   total 262144K, used 125201K [0x00000000e0000000, 0x0000000100000000)
  region size 1024K, 101 young (103424K), 18 survivors (18432K)
 Metaspace       used 58168K, committed 60096K, reserved 393216K
  class space    used 8338K, committed 9280K, reserved 327680K
}
Event: 24.246 GC heap after
{Heap after GC invocations=9 (full 0):
 garbage-first heap   total 262144K, used 47392K [0x00000000e0000000, 0x0000000100000000)
  region size 1024K, 16 young (16384K), 16 survivors (16384K)
 Metaspace       used 58168K, committed 60096K, reserved 393216K
  class space    used 8338K, committed 9280K, reserved 327680K
}
Event: 24.355 GC heap before
{Heap before GC invocations=9 (full 0):
 garbage-first heap   total 262144K, used 49440K [0x00000000e0000000, 0x0000000100000000)
  region size 1024K, 19 young (19456K), 16 survivors (16384K)
 Metaspace       used 58472K, committed 60416K, reserved 393216K
  class space    used 8397K, committed 9408K, reserved 327680K
}
Event: 24.368 GC heap after
{Heap after GC invocations=10 (full 0):
 garbage-first heap   total 262144K, used 48830K [0x00000000e0000000, 0x0000000100000000)
  region size 1024K, 8 young (8192K), 8 survivors (8192K)
 Metaspace       used 58472K, committed 60416K, reserved 393216K
  class space    used 8397K, committed 9408K, reserved 327680K
}

